<?xml version="1.0" encoding="UTF-8"?>
<!-- Generated by org.testng.reporters.JUnitReportReporter -->
<testsuite hostname="DESKTOP-3AC9SMD" failures="0" tests="1" name="TestNG.Example1" time="57.363" errors="0" timestamp="2023-11-08T19:37:49 IST" skipped="0">
  <testcase classname="TestNG.Example1" name="TC1" time="57.363"/>
</testsuite> <!-- TestNG.Example1 -->
