<?xml version="1.0" encoding="UTF-8"?>
<!-- Generated by org.testng.reporters.JUnitReportReporter -->
<testsuite hostname="DESKTOP-3AC9SMD" failures="0" tests="2" name="TestNG.Example4_Annotations" time="0.020" errors="0" timestamp="2023-12-03T12:24:09 IST" skipped="0">
  <testcase classname="TestNG.Example4_Annotations" name="VerifyTitle1" time="0.017">
    <system-out>
      <![CDATA[Running verifytitle1 test case]]>
    </system-out>
  </testcase> <!-- VerifyTitle1 -->
  <testcase classname="TestNG.Example4_Annotations" name="VerifyTitle2" time="0.003">
    <system-out>
      <![CDATA[Running verifytitle2 test case]]>
    </system-out>
  </testcase> <!-- VerifyTitle2 -->
  <system-out>
    <![CDATA[Opening Browser
Login to App
Running verifytitle1 test case
Logout From App
Login to App
Running verifytitle2 test case
Logout From App
Closing Browser]]>
  </system-out>
</testsuite> <!-- TestNG.Example4_Annotations -->
