<?xml version="1.0" encoding="UTF-8"?>
<!-- Generated by org.testng.reporters.JUnitReportReporter -->
<testsuite hostname="DESKTOP-3AC9SMD" failures="0" tests="3" name="TestNG.Keywords_DependsOnMethods_Ex2" time="0.103" errors="0" timestamp="2023-12-03T21:59:20 IST" skipped="0">
  <testcase classname="TestNG.Keywords_DependsOnMethods_Ex2" name="verify" time="0.003">
    <system-out>
      <![CDATA[ verify ]]>
    </system-out>
  </testcase> <!-- verify -->
  <testcase classname="TestNG.Keywords_DependsOnMethods_Ex2" name="Login" time="0.097">
    <system-out>
      <![CDATA[ Login ]]>
    </system-out>
  </testcase> <!-- Login -->
  <testcase classname="TestNG.Keywords_DependsOnMethods_Ex2" name="Logout" time="0.003">
    <system-out>
      <![CDATA[ Logout ]]>
    </system-out>
  </testcase> <!-- Logout -->
  <system-out>
    <![CDATA[ Login 
 verify 
 Logout ]]>
  </system-out>
</testsuite> <!-- TestNG.Keywords_DependsOnMethods_Ex2 -->
