<?xml version="1.0" encoding="UTF-8"?>
<!-- Generated by org.testng.reporters.JUnitReportReporter -->
<testsuite hostname="DESKTOP-3AC9SMD" failures="0" tests="3" name="TestNG.Example2_MultipleTestCases" time="0.036" errors="0" timestamp="2023-11-08T21:07:48 IST" skipped="0">
  <testcase classname="TestNG.Example2_MultipleTestCases" name="TC2" time="0.008"/>
  <testcase classname="TestNG.Example2_MultipleTestCases" name="TC1" time="0.024"/>
  <testcase classname="TestNG.Example2_MultipleTestCases" name="TC3" time="0.004"/>
</testsuite> <!-- TestNG.Example2_MultipleTestCases -->
