<?xml version="1.0" encoding="UTF-8"?>
<!-- Generated by org.testng.reporters.JUnitReportReporter -->
<testsuite hostname="DESKTOP-3AC9SMD" failures="0" tests="1" name="TestNG.Verification_SoftAssert" time="0.084" errors="0" timestamp="2023-12-04T13:48:45 IST" skipped="0">
  <testcase classname="TestNG.Verification_SoftAssert" name="TC1" time="0.084"/>
</testsuite> <!-- TestNG.Verification_SoftAssert -->
