<?xml version="1.0" encoding="UTF-8"?>
<!-- Generated by org.testng.reporters.JUnitReportReporter -->
<testsuite hostname="DESKTOP-3AC9SMD" failures="0" tests="2" name="TestNG.practice" time="0.054" errors="0" timestamp="2023-12-03T11:18:21 IST" skipped="0">
  <testcase classname="TestNG.practice" name="XYZ" time="0.002"/>
  <testcase classname="TestNG.practice" name="ABC" time="0.052"/>
</testsuite> <!-- TestNG.practice -->
