<?xml version="1.0" encoding="UTF-8"?>
<!-- Generated by org.testng.reporters.JUnitReportReporter -->
<testsuite hostname="DESKTOP-3AC9SMD" failures="0" tests="1" name="TestNG.Verification_AssertNotEquals" time="0.024" errors="0" timestamp="2023-12-03T22:05:06 IST" skipped="0">
  <testcase classname="TestNG.Verification_AssertNotEquals" name="TC1" time="0.024"/>
</testsuite> <!-- TestNG.Verification_AssertNotEquals -->
