<?xml version="1.0" encoding="UTF-8"?>
<!-- Generated by org.testng.reporters.JUnitReportReporter -->
<testsuite hostname="DESKTOP-3AC9SMD" failures="0" tests="4" name="TestNG.Grouping_Example1" time="0.065" errors="0" timestamp="2023-12-05T12:53:48 IST" skipped="0">
  <testcase classname="TestNG.Grouping_Example1" name="TC2" time="0.008">
    <system-out>
      <![CDATA[Running TC2]]>
    </system-out>
  </testcase> <!-- TC2 -->
  <testcase classname="TestNG.Grouping_Example1" name="TC1" time="0.019">
    <system-out>
      <![CDATA[Running TC1]]>
    </system-out>
  </testcase> <!-- TC1 -->
  <testcase classname="TestNG.Grouping_Example1" name="TC3" time="0.024">
    <system-out>
      <![CDATA[Running TC3]]>
    </system-out>
  </testcase> <!-- TC3 -->
  <testcase classname="TestNG.Grouping_Example1" name="TC5" time="0.014">
    <system-out>
      <![CDATA[Running TC5]]>
    </system-out>
  </testcase> <!-- TC5 -->
  <system-out>
    <![CDATA[Running TC1
Running TC2
Running TC3
Running TC5
Running TC6
Running TC9]]>
  </system-out>
</testsuite> <!-- TestNG.Grouping_Example1 -->
