<?xml version="1.0" encoding="UTF-8"?>
<!-- Generated by org.testng.reporters.JUnitReportReporter -->
<testsuite hostname="DESKTOP-3AC9SMD" failures="0" tests="1" name="SwagLabs_Framework.SwagLabsLoginTest" time="11.281" errors="0" timestamp="2023-12-06T11:52:58 IST" skipped="0">
  <testcase classname="SwagLabs_Framework.SwagLabsLoginTest" name="VerifyTitle" time="11.281"/>
</testsuite> <!-- SwagLabs_Framework.SwagLabsLoginTest -->
