<?xml version="1.0" encoding="UTF-8"?>
<!-- Generated by org.testng.reporters.JUnitReportReporter -->
<testsuite hostname="DESKTOP-3AC9SMD" failures="0" tests="1" name="TestNG.Parallel1" time="266.290" errors="0" timestamp="2023-12-05T13:52:12 IST" skipped="0">
  <testcase classname="TestNG.Parallel1" name="TC1" time="266.290"/>
</testsuite> <!-- TestNG.Parallel1 -->
