<?xml version="1.0" encoding="UTF-8"?>
<!-- Generated by org.testng.reporters.JUnitReportReporter -->
<testsuite hostname="DESKTOP-3AC9SMD" failures="0" tests="1" name="POM_DDF_TESTNG_BaseClass_UtilityClass.SwagLabsLoginTest" time="16.671" errors="0" timestamp="2023-12-06T14:22:23 IST" skipped="0">
  <testcase classname="POM_DDF_TESTNG_BaseClass_UtilityClass.SwagLabsLoginTest" name="VerifyTitle" time="16.671"/>
</testsuite> <!-- POM_DDF_TESTNG_BaseClass_UtilityClass.SwagLabsLoginTest -->
