<?xml version="1.0" encoding="UTF-8"?>
<!-- Generated by org.testng.reporters.JUnitReportReporter -->
<testsuite hostname="DESKTOP-3AC9SMD" failures="0" tests="3" name="TestNG.sample1" time="0.134" errors="0" timestamp="2023-12-04T21:17:46 IST" skipped="0">
  <testcase classname="TestNG.sample1" name="TC2" time="0.004">
    <system-out>
      <![CDATA[Running TC2]]>
    </system-out>
  </testcase> <!-- TC2 -->
  <testcase classname="TestNG.sample1" name="TC3" time="0.010">
    <system-out>
      <![CDATA[Running TC3]]>
    </system-out>
  </testcase> <!-- TC3 -->
  <testcase classname="TestNG.sample1" name="TC1" time="0.120">
    <system-out>
      <![CDATA[Running TC1]]>
    </system-out>
  </testcase> <!-- TC1 -->
  <system-out>
    <![CDATA[Running TC1
Running TC2
Running TC3
Running TC1
Running TC2
Running TC3]]>
  </system-out>
</testsuite> <!-- TestNG.sample1 -->
