<?xml version="1.0" encoding="UTF-8"?>
<!-- Generated by org.testng.reporters.JUnitReportReporter -->
<testsuite hostname="DESKTOP-3AC9SMD" failures="0" tests="1" name="TestNG.Verification_AssertFalse" time="0.028" errors="0" timestamp="2023-12-03T22:11:00 IST" skipped="0">
  <testcase classname="TestNG.Verification_AssertFalse" name="TC1" time="0.028"/>
</testsuite> <!-- TestNG.Verification_AssertFalse -->
