<?xml version="1.0" encoding="UTF-8"?>
<!-- Generated by org.testng.reporters.JUnitReportReporter -->
<testsuite hostname="DESKTOP-3AC9SMD" failures="0" tests="3" name="TestNG.compatibilitytesting" time="386.591" errors="0" timestamp="2023-12-05T18:25:52 IST" skipped="0">
  <testcase classname="TestNG.compatibilitytesting" name="TC1" time="169.541"/>
  <testcase classname="TestNG.compatibilitytesting" name="TC1" time="56.919"/>
  <testcase classname="TestNG.compatibilitytesting" name="TC1" time="160.131"/>
</testsuite> <!-- TestNG.compatibilitytesting -->
