<?xml version="1.0" encoding="UTF-8"?>
<!-- Generated by org.testng.reporters.JUnitReportReporter -->
<testsuite hostname="DESKTOP-3AC9SMD" failures="0" tests="1" name="TestNG.MultibrowserTesting" time="94.855" errors="0" timestamp="2023-12-05T17:10:07 IST" skipped="0">
  <testcase classname="TestNG.MultibrowserTesting" name="TC1" time="94.855"/>
</testsuite> <!-- TestNG.MultibrowserTesting -->
