<?xml version="1.0" encoding="UTF-8"?>
<!-- Generated by org.testng.reporters.JUnitReportReporter -->
<testsuite hostname="DESKTOP-3AC9SMD" failures="0" tests="3" name="TestNG.Keywords_Enabled" time="0.033" errors="0" timestamp="2023-12-03T16:27:59 IST" skipped="1">
  <testcase classname="TestNG.Keywords_Enabled" name="TC1" time="0.029">
    <system-out>
      <![CDATA[Running TC1]]>
    </system-out>
  </testcase> <!-- TC1 -->
  <testcase classname="TestNG.Keywords_Enabled" name="TC3" time="0.004">
    <system-out>
      <![CDATA[Running TC3]]>
    </system-out>
  </testcase> <!-- TC3 -->
  <testcase classname="TestNG.Keywords_Enabled" name="TC2">
    <skipped/>
  </testcase> <!-- TC2 -->
  <system-out>
    <![CDATA[Running TC1
Running TC3]]>
  </system-out>
</testsuite> <!-- TestNG.Keywords_Enabled -->
