<?xml version="1.0" encoding="UTF-8"?>
<!-- Generated by org.testng.reporters.JUnitReportReporter -->
<testsuite hostname="DESKTOP-3AC9SMD" failures="0" tests="1" name="TestNG.Verification_AssertNull" time="0.022" errors="0" timestamp="2023-12-03T22:13:12 IST" skipped="0">
  <testcase classname="TestNG.Verification_AssertNull" name="TC1" time="0.022"/>
</testsuite> <!-- TestNG.Verification_AssertNull -->
