<?xml version="1.0" encoding="UTF-8"?>
<!-- Generated by org.testng.reporters.JUnitReportReporter -->
<testsuite hostname="DESKTOP-3AC9SMD" failures="0" tests="4" name="TestNG.Example3_EmailableReport" time="0.056" errors="0" timestamp="2023-12-01T20:24:48 IST" skipped="0">
  <testcase classname="TestNG.Example3_EmailableReport" name="TC3" time="0.002">
    <system-out>
      <![CDATA[Running Test Case-3]]>
    </system-out>
  </testcase> <!-- TC3 -->
  <testcase classname="TestNG.Example3_EmailableReport" name="TC4" time="0.003">
    <system-out>
      <![CDATA[Running Test Case-4]]>
    </system-out>
  </testcase> <!-- TC4 -->
  <testcase classname="TestNG.Example3_EmailableReport" name="TC2" time="0.004">
    <system-out>
      <![CDATA[Running Test Case-2]]>
    </system-out>
  </testcase> <!-- TC2 -->
  <testcase classname="TestNG.Example3_EmailableReport" name="TC1" time="0.047"/>
  <system-out>
    <![CDATA[Running Test Case-2
Running Test Case-3
Running Test Case-4]]>
  </system-out>
</testsuite> <!-- TestNG.Example3_EmailableReport -->
