<?xml version="1.0" encoding="UTF-8"?>
<!-- Generated by org.testng.reporters.JUnitReportReporter -->
<testsuite hostname="DESKTOP-3AC9SMD" failures="0" tests="5" name="TestNG.Keywords_InvocationCount" time="0.035" errors="0" timestamp="2023-12-03T16:25:22 IST" skipped="0">
  <testcase classname="TestNG.Keywords_InvocationCount" name="TC1" time="0.003">
    <system-out>
      <![CDATA[Running TC1]]>
    </system-out>
  </testcase> <!-- TC1 -->
  <testcase classname="TestNG.Keywords_InvocationCount" name="TC1" time="0.003">
    <system-out>
      <![CDATA[Running TC1]]>
    </system-out>
  </testcase> <!-- TC1 -->
  <testcase classname="TestNG.Keywords_InvocationCount" name="TC1" time="0.020">
    <system-out>
      <![CDATA[Running TC1]]>
    </system-out>
  </testcase> <!-- TC1 -->
  <testcase classname="TestNG.Keywords_InvocationCount" name="TC1" time="0.004">
    <system-out>
      <![CDATA[Running TC1]]>
    </system-out>
  </testcase> <!-- TC1 -->
  <testcase classname="TestNG.Keywords_InvocationCount" name="TC1" time="0.005">
    <system-out>
      <![CDATA[Running TC1]]>
    </system-out>
  </testcase> <!-- TC1 -->
  <system-out>
    <![CDATA[Running TC1
Running TC1
Running TC1
Running TC1
Running TC1]]>
  </system-out>
</testsuite> <!-- TestNG.Keywords_InvocationCount -->
