<?xml version="1.0" encoding="UTF-8"?>
<!-- Generated by org.testng.reporters.JUnitReportReporter -->
<testsuite hostname="DESKTOP-3AC9SMD" failures="0" tests="1" name="TestNG.Verification_AssertEquals" time="0.021" errors="0" timestamp="2023-12-03T22:02:59 IST" skipped="0">
  <testcase classname="TestNG.Verification_AssertEquals" name="TC1" time="0.021"/>
</testsuite> <!-- TestNG.Verification_AssertEquals -->
