<?xml version="1.0" encoding="UTF-8"?>
<!-- Generated by org.testng.reporters.JUnitReportReporter -->
<testsuite hostname="DESKTOP-3AC9SMD" failures="0" tests="3" name="TestNG.Keywords_Priority_Ex4" time="0.034" errors="0" timestamp="2023-12-03T16:36:27 IST" skipped="0">
  <testcase classname="TestNG.Keywords_Priority_Ex4" name="TC3" time="0.021">
    <system-out>
      <![CDATA[Running TC3]]>
    </system-out>
  </testcase> <!-- TC3 -->
  <testcase classname="TestNG.Keywords_Priority_Ex4" name="TC2" time="0.004">
    <system-out>
      <![CDATA[Running TC2]]>
    </system-out>
  </testcase> <!-- TC2 -->
  <testcase classname="TestNG.Keywords_Priority_Ex4" name="TC1" time="0.009">
    <system-out>
      <![CDATA[Running TC1]]>
    </system-out>
  </testcase> <!-- TC1 -->
  <system-out>
    <![CDATA[Running TC3
Running TC2
Running TC1]]>
  </system-out>
</testsuite> <!-- TestNG.Keywords_Priority_Ex4 -->
