<?xml version="1.0" encoding="UTF-8"?>
<!-- Generated by org.testng.reporters.JUnitReportReporter -->
<testsuite hostname="DESKTOP-3AC9SMD" failures="0" tests="1" name="TestNG.multibrowsertesting_practice" time="125.307" errors="0" timestamp="2023-12-05T18:16:43 IST" skipped="0">
  <testcase classname="TestNG.multibrowsertesting_practice" name="TC1" time="125.307"/>
</testsuite> <!-- TestNG.multibrowsertesting_practice -->
