<?xml version="1.0" encoding="UTF-8"?>
<!-- Generated by org.testng.reporters.JUnitReportReporter -->
<testsuite hostname="DESKTOP-3AC9SMD" failures="0" tests="3" name="TestNG.Suite_DisableTCExecutionFromTestSuit_Example1" time="0.039" errors="0" timestamp="2023-12-04T22:30:47 IST" skipped="0">
  <testcase classname="TestNG.Suite_DisableTCExecutionFromTestSuit_Example1" name="TC1" time="0.021">
    <system-out>
      <![CDATA[Running TC1]]>
    </system-out>
  </testcase> <!-- TC1 -->
  <testcase classname="TestNG.Suite_DisableTCExecutionFromTestSuit_Example1" name="TC2" time="0.009">
    <system-out>
      <![CDATA[Running TC2]]>
    </system-out>
  </testcase> <!-- TC2 -->
  <testcase classname="TestNG.Suite_DisableTCExecutionFromTestSuit_Example1" name="TC3" time="0.009">
    <system-out>
      <![CDATA[Running TC3]]>
    </system-out>
  </testcase> <!-- TC3 -->
  <system-out>
    <![CDATA[Running TC1
Running TC2
Running TC3]]>
  </system-out>
</testsuite> <!-- TestNG.Suite_DisableTCExecutionFromTestSuit_Example1 -->
