<?xml version="1.0" encoding="UTF-8"?>
<!-- Generated by org.testng.reporters.JUnitReportReporter -->
<testsuite hostname="DESKTOP-3AC9SMD" failures="0" tests="1" name="POM_DDF_TestNG_BaseClass_UtilityClass_FailedTC_PropertyFile.SwagLabsLoginTest" time="21.602" errors="0" timestamp="2023-12-07T15:21:47 IST" skipped="0">
  <testcase classname="POM_DDF_TestNG_BaseClass_UtilityClass_FailedTC_PropertyFile.SwagLabsLoginTest" name="VerifyTitle" time="21.602"/>
</testsuite> <!-- POM_DDF_TestNG_BaseClass_UtilityClass_FailedTC_PropertyFile.SwagLabsLoginTest -->
