<?xml version="1.0" encoding="UTF-8"?>
<!-- Generated by org.testng.reporters.JUnitReportReporter -->
<testsuite hostname="DESKTOP-3AC9SMD" failures="0" tests="3" name="TestNG.Keywords_Timeout" time="5.075" errors="1" timestamp="2023-12-03T16:39:49 IST" skipped="0">
  <testcase classname="TestNG.Keywords_Timeout" name="TC2" time="0.007">
    <system-out>
      <![CDATA[Running TC2]]>
    </system-out>
  </testcase> <!-- TC2 -->
  <testcase classname="TestNG.Keywords_Timeout" name="TC3" time="0.003">
    <system-out>
      <![CDATA[Running TC3]]>
    </system-out>
  </testcase> <!-- TC3 -->
  <testcase classname="TestNG.Keywords_Timeout" name="TC1" time="5.065">
    <error message="Method TestNG.Keywords_Timeout.TC1() didn&#039;t finish within the time-out 5000" type="org.testng.internal.thread.ThreadTimeoutException">
      <![CDATA[org.testng.internal.thread.ThreadTimeoutException: Method TestNG.Keywords_Timeout.TC1() didn't finish within the time-out 5000
at java.base@11.0.19/java.lang.Thread.sleep(Native Method)
at app//TestNG.Keywords_Timeout.TC1(Keywords_Timeout.java:11)
at java.base@11.0.19/jdk.internal.reflect.NativeMethodAccessorImpl.invoke0(Native Method)
at java.base@11.0.19/jdk.internal.reflect.NativeMethodAccessorImpl.invoke(NativeMethodAccessorImpl.java:62)
at java.base@11.0.19/jdk.internal.reflect.DelegatingMethodAccessorImpl.invoke(DelegatingMethodAccessorImpl.java:43)
at java.base@11.0.19/java.lang.reflect.Method.invoke(Method.java:566)
at app//org.testng.internal.invokers.MethodInvocationHelper.invokeMethod(MethodInvocationHelper.java:139)
at app//org.testng.internal.invokers.InvokeMethodRunnable.runOne(InvokeMethodRunnable.java:47)
at app//org.testng.internal.invokers.InvokeMethodRunnable.call(InvokeMethodRunnable.java:76)
at app//org.testng.internal.invokers.InvokeMethodRunnable.call(InvokeMethodRunnable.java:11)
at java.base@11.0.19/java.util.concurrent.FutureTask.run(FutureTask.java:264)
at java.base@11.0.19/java.util.concurrent.ThreadPoolExecutor.runWorker(ThreadPoolExecutor.java:1128)
at java.base@11.0.19/java.util.concurrent.ThreadPoolExecutor$Worker.run(ThreadPoolExecutor.java:628)
at java.base@11.0.19/java.lang.Thread.run(Thread.java:834)
]]>
    </error>
  </testcase> <!-- TC1 -->
  <system-out>
    <![CDATA[Running TC2
Running TC3]]>
  </system-out>
</testsuite> <!-- TestNG.Keywords_Timeout -->
