<?xml version="1.0" encoding="UTF-8"?>
<!-- Generated by org.testng.reporters.JUnitReportReporter -->
<testsuite hostname="DESKTOP-3AC9SMD" failures="0" tests="1" name="TestNG.Failed_xml2" time="0.026" errors="0" timestamp="2023-12-05T12:03:33 IST" skipped="0">
  <testcase classname="TestNG.Failed_xml2" name="TC5" time="0.026">
    <system-out>
      <![CDATA[Running TC5]]>
    </system-out>
  </testcase> <!-- TC5 -->
  <system-out>
    <![CDATA[Running TC5]]>
  </system-out>
</testsuite> <!-- TestNG.Failed_xml2 -->
