<?xml version="1.0" encoding="UTF-8"?>
<!-- Generated by org.testng.reporters.JUnitReportReporter -->
<testsuite hostname="DESKTOP-3AC9SMD" failures="0" tests="2" name="TestNG.Grouping_Example2" time="0.015" errors="0" timestamp="2023-12-05T12:53:48 IST" skipped="0">
  <testcase classname="TestNG.Grouping_Example2" name="TC6" time="0.009">
    <system-out>
      <![CDATA[Running TC6]]>
    </system-out>
  </testcase> <!-- TC6 -->
  <testcase classname="TestNG.Grouping_Example2" name="TC9" time="0.006">
    <system-out>
      <![CDATA[Running TC9]]>
    </system-out>
  </testcase> <!-- TC9 -->
  <system-out>
    <![CDATA[Running TC1
Running TC2
Running TC3
Running TC5
Running TC6
Running TC9]]>
  </system-out>
</testsuite> <!-- TestNG.Grouping_Example2 -->
