<?xml version="1.0" encoding="UTF-8"?>
<!-- Generated by org.testng.reporters.JUnitReportReporter -->
<testsuite hostname="DESKTOP-3AC9SMD" failures="0" tests="1" name="TestNG.compatibilitytesting_practice" time="151.673" errors="0" timestamp="2023-12-05T18:04:31 IST" skipped="0">
  <testcase classname="TestNG.compatibilitytesting_practice" name="TC1" time="151.673"/>
</testsuite> <!-- TestNG.compatibilitytesting_practice -->
